<?xml version="1.0" encoding="UTF-8"?>
<!-- Generated by org.testng.reporters.JUnitReportReporter -->
<testsuite hostname="NP-SADEKUNLE" name="Suite3.Contact_us" tests="1" failures="0" timestamp="17 Nov 2017 15:27:10 GMT" time="34.645" errors="0">
  <testcase name="aboutUStest" time="34.645" classname="Suite3.Contact_us"/>
</testsuite> <!-- Suite3.Contact_us -->
