<?xml version="1.0" encoding="UTF-8"?>
<!-- Generated by org.testng.reporters.JUnitReportReporter -->
<testsuite hostname="NP-SADEKUNLE" name="Suite3.GameOF_Week" tests="1" failures="0" timestamp="30 Oct 2017 15:54:36 GMT" time="25.755" errors="0">
  <testcase name="gameweektest" time="25.755" classname="Suite3.GameOF_Week"/>
</testsuite> <!-- Suite3.GameOF_Week -->
