<?xml version="1.0" encoding="UTF-8"?>
<!-- Generated by org.testng.reporters.JUnitReportReporter -->
<testsuite hostname="NP-SADEKUNLE" name="Suite3.EnjoyResponsibly" tests="1" failures="0" timestamp="17 Nov 2017 15:27:10 GMT" time="58.353" errors="0">
  <testcase name="EnjoyResponsiblytest" time="58.353" classname="Suite3.EnjoyResponsibly"/>
</testsuite> <!-- Suite3.EnjoyResponsibly -->
