<?xml version="1.0" encoding="UTF-8"?>
<!-- Generated by org.testng.reporters.JUnitReportReporter -->
<testsuite hostname="NP-SADEKUNLE" name="Vernons_Core_SUITE.LoginTest" tests="4" failures="0" timestamp="17 Nov 2017 15:46:33 GMT" time="69.097" errors="0">
  <testcase name="Logintest" time="14.527" classname="Vernons_Core_SUITE.LoginTest"/>
  <testcase name="Logintest" time="14.368" classname="Vernons_Core_SUITE.LoginTest"/>
  <testcase name="Logintest" time="25.771" classname="Vernons_Core_SUITE.LoginTest"/>
  <testcase name="Logintest" time="14.431" classname="Vernons_Core_SUITE.LoginTest"/>
</testsuite> <!-- Vernons_Core_SUITE.LoginTest -->
