<?xml version="1.0" encoding="UTF-8"?>
<!-- Generated by org.testng.reporters.JUnitReportReporter -->
<testsuite hostname="NP-SADEKUNLE" name="Suite2.WinnersAND_Vip" tests="2" failures="0" timestamp="17 Nov 2017 14:15:06 GMT" time="24.063" errors="0">
  <testcase name="winnertabtest" time="9.888" classname="Suite2.WinnersAND_Vip"/>
  <testcase name="viptest" time="14.175" classname="Suite2.WinnersAND_Vip"/>
</testsuite> <!-- Suite2.WinnersAND_Vip -->
