<?xml version="1.0" encoding="UTF-8"?>
<!-- Generated by org.testng.reporters.JUnitReportReporter -->
<testsuite hostname="NP-SADEKUNLE" name="Suite2.LoginErrorTest" tests="3" failures="0" timestamp="31 Oct 2017 14:50:48 GMT" time="56.229" errors="0">
  <testcase name="invalidLogin" time="15.932" classname="Suite2.LoginErrorTest"/>
  <testcase name="closebutton" time="16.097" classname="Suite2.LoginErrorTest"/>
  <testcase name="passwordforgot" time="24.200" classname="Suite2.LoginErrorTest"/>
</testsuite> <!-- Suite2.LoginErrorTest -->
