<?xml version="1.0" encoding="UTF-8"?>
<!-- Generated by org.testng.reporters.JUnitReportReporter -->
<testsuite hostname="NP-SADEKUNLE" name="Suite2.GamesTab" tests="7" failures="0" timestamp="17 Nov 2017 14:15:06 GMT" time="144.766" errors="0">
  <testcase name="livecasinotest" time="19.138" classname="Suite2.GamesTab"/>
  <testcase name="tablegamestest" time="19.577" classname="Suite2.GamesTab"/>
  <testcase name="Gamesearchboxtest" time="22.448" classname="Suite2.GamesTab"/>
  <testcase name="cardgamestest" time="18.312" classname="Suite2.GamesTab"/>
  <testcase name="AllGamestest" time="20.430" classname="Suite2.GamesTab"/>
  <testcase name="JNBtest" time="18.629" classname="Suite2.GamesTab"/>
  <testcase name="slottest" time="26.232" classname="Suite2.GamesTab"/>
</testsuite> <!-- Suite2.GamesTab -->
