<?xml version="1.0" encoding="UTF-8"?>
<!-- Generated by org.testng.reporters.JUnitReportReporter -->
<testsuite hostname="NP-SADEKUNLE" name="Vernons_Core_SUITE.ForgottenDetailsTest" tests="11" failures="0" timestamp="17 Nov 2017 15:46:33 GMT" time="139.713" errors="0">
  <testcase name="ForgottenDetailstest" time="14.069" classname="Vernons_Core_SUITE.ForgottenDetailsTest"/>
  <testcase name="ForgottenDetailstest" time="11.993" classname="Vernons_Core_SUITE.ForgottenDetailsTest"/>
  <testcase name="ForgottenDetailstest" time="10.750" classname="Vernons_Core_SUITE.ForgottenDetailsTest"/>
  <testcase name="ForgottenDetailstest" time="10.882" classname="Vernons_Core_SUITE.ForgottenDetailsTest"/>
  <testcase name="ForgottenDetailstest" time="14.265" classname="Vernons_Core_SUITE.ForgottenDetailsTest"/>
  <testcase name="ForgottenDetailstest" time="14.110" classname="Vernons_Core_SUITE.ForgottenDetailsTest"/>
  <testcase name="ForgottenDetailstest" time="10.702" classname="Vernons_Core_SUITE.ForgottenDetailsTest"/>
  <testcase name="ForgottenDetailstest" time="12.484" classname="Vernons_Core_SUITE.ForgottenDetailsTest"/>
  <testcase name="ForgottenDetailstest" time="14.220" classname="Vernons_Core_SUITE.ForgottenDetailsTest"/>
  <testcase name="ForgottenDetailstest" time="13.115" classname="Vernons_Core_SUITE.ForgottenDetailsTest"/>
  <testcase name="ForgottenDetailstest" time="13.123" classname="Vernons_Core_SUITE.ForgottenDetailsTest"/>
</testsuite> <!-- Vernons_Core_SUITE.ForgottenDetailsTest -->
