<?xml version="1.0" encoding="UTF-8"?>
<!-- Generated by org.testng.reporters.JUnitReportReporter -->
<testsuite hostname="NP-SADEKUNLE" name="Suite3.PrivacyPolicy" tests="1" failures="0" timestamp="17 Nov 2017 15:27:41 GMT" time="10.526" errors="0">
  <testcase name="privacypolicytest" time="10.526" classname="Suite3.PrivacyPolicy"/>
</testsuite> <!-- Suite3.PrivacyPolicy -->
