<?xml version="1.0" encoding="UTF-8"?>
<!-- Generated by org.testng.reporters.JUnitReportReporter -->
<testsuite hostname="NP-SADEKUNLE" name="Suite2.Live" tests="1" failures="0" timestamp="17 Nov 2017 14:15:06 GMT" time="17.079" errors="0">
  <testcase name="Livetest" time="17.079" classname="Suite2.Live"/>
</testsuite> <!-- Suite2.Live -->
