<?xml version="1.0" encoding="UTF-8"?>
<!-- Generated by org.testng.reporters.JUnitReportReporter -->
<testsuite hostname="NP-SADEKUNLE" name="Suite2.GamesRules" tests="3" failures="0" timestamp="17 Nov 2017 14:15:06 GMT" time="47.632" errors="0">
  <testcase name="blackjacjtest" time="9.978" classname="Suite2.GamesRules"/>
  <testcase name="baccarattest" time="16.669" classname="Suite2.GamesRules"/>
  <testcase name="roulettetest" time="20.985" classname="Suite2.GamesRules"/>
</testsuite> <!-- Suite2.GamesRules -->
