<?xml version="1.0" encoding="UTF-8"?>
<!-- Generated by org.testng.reporters.JUnitReportReporter -->
<testsuite hostname="NP-SADEKUNLE" name="Suite2.Casino" tests="4" failures="0" timestamp="17 Nov 2017 14:44:07 GMT" time="69.789" errors="0">
  <testcase name="popup_NewUserlinktest" time="16.340" classname="Suite2.Casino"/>
  <testcase name="popup_forgottenDtest" time="19.779" classname="Suite2.Casino"/>
  <testcase name="PopupSignToPlayBoxtest" time="19.685" classname="Suite2.Casino"/>
  <testcase name="casinogamestest" time="13.985" classname="Suite2.Casino"/>
</testsuite> <!-- Suite2.Casino -->
