<?xml version="1.0" encoding="UTF-8"?>
<!-- Generated by org.testng.reporters.JUnitReportReporter -->
<testsuite hostname="NP-SADEKUNLE" name="Suite2.Vernons_Homepage" tests="13" failures="0" timestamp="31 Oct 2017 13:32:57 GMT" time="225.088" errors="0">
  <testcase name="contentblockHP2test" time="16.204" classname="Suite2.Vernons_Homepage"/>
  <testcase name="GameCategorytest" time="53.238" classname="Suite2.Vernons_Homepage"/>
  <testcase name="HeaderElmentstest" time="15.692" classname="Suite2.Vernons_Homepage"/>
  <testcase name="contentblockHP6test" time="13.642" classname="Suite2.Vernons_Homepage"/>
  <testcase name="contentblockHP4test" time="9.124" classname="Suite2.Vernons_Homepage"/>
  <testcase name="contentblockHP7test" time="10.613" classname="Suite2.Vernons_Homepage"/>
  <testcase name="contentblockHP1test" time="13.590" classname="Suite2.Vernons_Homepage"/>
  <testcase name="contentblockHPtest" time="15.146" classname="Suite2.Vernons_Homepage"/>
  <testcase name="contentblockHP3test" time="15.613" classname="Suite2.Vernons_Homepage"/>
  <testcase name="contentblockHP5test" time="12.859" classname="Suite2.Vernons_Homepage"/>
  <testcase name="GCtest" time="11.230" classname="Suite2.Vernons_Homepage"/>
  <testcase name="footerElement2test" time="16.377" classname="Suite2.Vernons_Homepage"/>
  <testcase name="footerElementsTest" time="21.760" classname="Suite2.Vernons_Homepage"/>
</testsuite> <!-- Suite2.Vernons_Homepage -->
