<?xml version="1.0" encoding="UTF-8"?>
<!-- Generated by org.testng.reporters.JUnitReportReporter -->
<testsuite hostname="NP-SADEKUNLE" name="Vernons_Core_SUITE.RegistrationTest" tests="12" failures="0" timestamp="17 Nov 2017 15:46:33 GMT" time="180.890" errors="0">
  <testcase name="RegistrationTest" time="26.216" classname="Vernons_Core_SUITE.RegistrationTest"/>
  <testcase name="RegistrationTest" time="13.134" classname="Vernons_Core_SUITE.RegistrationTest"/>
  <testcase name="RegistrationTest" time="17.811" classname="Vernons_Core_SUITE.RegistrationTest"/>
  <testcase name="RegistrationTest" time="14.138" classname="Vernons_Core_SUITE.RegistrationTest"/>
  <testcase name="RegistrationTest" time="13.514" classname="Vernons_Core_SUITE.RegistrationTest"/>
  <testcase name="RegistrationTest" time="13.027" classname="Vernons_Core_SUITE.RegistrationTest"/>
  <testcase name="RegistrationTest" time="13.167" classname="Vernons_Core_SUITE.RegistrationTest"/>
  <testcase name="RegistrationTest" time="14.072" classname="Vernons_Core_SUITE.RegistrationTest"/>
  <testcase name="RegistrationTest" time="14.208" classname="Vernons_Core_SUITE.RegistrationTest"/>
  <testcase name="RegistrationTest" time="14.324" classname="Vernons_Core_SUITE.RegistrationTest"/>
  <testcase name="RegistrationTest" time="13.891" classname="Vernons_Core_SUITE.RegistrationTest"/>
  <testcase name="RegistrationTest" time="13.388" classname="Vernons_Core_SUITE.RegistrationTest"/>
</testsuite> <!-- Vernons_Core_SUITE.RegistrationTest -->
