<?xml version="1.0" encoding="UTF-8"?>
<!-- Generated by org.testng.reporters.JUnitReportReporter -->
<testsuite hostname="NP-SADEKUNLE" name="Vernons_Core_SUITE.TermsAndConditions" tests="1" failures="0" timestamp="17 Nov 2017 15:46:33 GMT" time="11.661" errors="0">
  <testcase name="Termspagetest" time="11.661" classname="Vernons_Core_SUITE.TermsAndConditions"/>
</testsuite> <!-- Vernons_Core_SUITE.TermsAndConditions -->
