<?xml version="1.0" encoding="UTF-8"?>
<!-- Generated by org.testng.reporters.JUnitReportReporter -->
<testsuite hostname="NP-SADEKUNLE" name="Suite2.MyAccount" tests="6" failures="0" timestamp="17 Nov 2017 15:07:49 GMT" time="113.589" errors="0">
  <testcase name="withdrawtest" time="18.460" classname="Suite2.MyAccount"/>
  <testcase name="bonustest" time="19.146" classname="Suite2.MyAccount"/>
  <testcase name="deposittest" time="19.190" classname="Suite2.MyAccount"/>
  <testcase name="personaletailstest" time="16.116" classname="Suite2.MyAccount"/>
  <testcase name="changePasswordtest" time="23.370" classname="Suite2.MyAccount"/>
  <testcase name="MYAccountMenutest" time="17.307" classname="Suite2.MyAccount"/>
</testsuite> <!-- Suite2.MyAccount -->
