<?xml version="1.0" encoding="UTF-8"?>
<!-- Generated by org.testng.reporters.JUnitReportReporter -->
<testsuite hostname="NP-SADEKUNLE" name="Suite2.CasinoVernons_Homepage" tests="13" failures="0" timestamp="17 Nov 2017 14:48:36 GMT" time="220.359" errors="0">
  <testcase name="contentblockHP2test" time="15.706" classname="Suite2.CasinoVernons_Homepage"/>
  <testcase name="GameCategorytest" time="49.591" classname="Suite2.CasinoVernons_Homepage"/>
  <testcase name="HeaderElmentstest" time="13.919" classname="Suite2.CasinoVernons_Homepage"/>
  <testcase name="contentblockHP6test" time="13.389" classname="Suite2.CasinoVernons_Homepage"/>
  <testcase name="contentblockHP4test" time="10.240" classname="Suite2.CasinoVernons_Homepage"/>
  <testcase name="contentblockHP7test" time="11.536" classname="Suite2.CasinoVernons_Homepage"/>
  <testcase name="contentblockHP1test" time="13.802" classname="Suite2.CasinoVernons_Homepage"/>
  <testcase name="contentblockHPtest" time="15.141" classname="Suite2.CasinoVernons_Homepage"/>
  <testcase name="contentblockHP3test" time="13.403" classname="Suite2.CasinoVernons_Homepage"/>
  <testcase name="contentblockHP5test" time="15.085" classname="Suite2.CasinoVernons_Homepage"/>
  <testcase name="GCtest" time="12.489" classname="Suite2.CasinoVernons_Homepage"/>
  <testcase name="footerElement2test" time="16.763" classname="Suite2.CasinoVernons_Homepage"/>
  <testcase name="footerElementsTest" time="19.295" classname="Suite2.CasinoVernons_Homepage"/>
</testsuite> <!-- Suite2.CasinoVernons_Homepage -->
