<?xml version="1.0" encoding="UTF-8"?>
<!-- Generated by org.testng.reporters.JUnitReportReporter -->
<testsuite hostname="NP-SADEKUNLE" name="Suite2.Search_VernonsBox" tests="1" failures="0" timestamp="17 Nov 2017 14:15:06 GMT" time="21.237" errors="0">
  <testcase name="SearchVernonstest" time="21.237" classname="Suite2.Search_VernonsBox"/>
</testsuite> <!-- Suite2.Search_VernonsBox -->
