<?xml version="1.0" encoding="UTF-8"?>
<!-- Generated by org.testng.reporters.JUnitReportReporter -->
<testsuite hostname="NP-SADEKUNLE" name="Suite3.About_us" tests="2" failures="0" timestamp="17 Nov 2017 15:27:10 GMT" time="19.204" errors="0">
  <testcase name="aboutUStest" time="9.809" classname="Suite3.About_us"/>
  <testcase name="CheckDeposittest" time="9.395" classname="Suite3.About_us"/>
</testsuite> <!-- Suite3.About_us -->
