<?xml version="1.0" encoding="UTF-8"?>
<!-- Generated by org.testng.reporters.JUnitReportReporter -->
<testsuite hostname="NP-SADEKUNLE" name="Suite2.Getting_Started" tests="5" failures="0" timestamp="17 Nov 2017 14:15:06 GMT" time="84.609" errors="0">
  <testcase name="HowToDeposittest" time="23.491" classname="Suite2.Getting_Started"/>
  <testcase name="ConfirmYourID" time="21.375" classname="Suite2.Getting_Started"/>
  <testcase name="HowToWithdrawtest" time="19.256" classname="Suite2.Getting_Started"/>
  <testcase name="IsMyDepositSafetest" time="10.360" classname="Suite2.Getting_Started"/>
  <testcase name="securitytest" time="10.127" classname="Suite2.Getting_Started"/>
</testsuite> <!-- Suite2.Getting_Started -->
