<?xml version="1.0" encoding="UTF-8"?>
<!-- Generated by org.testng.reporters.JUnitReportReporter -->
<testsuite hostname="NP-SADEKUNLE" name="Suite2.Promotions" tests="1" failures="0" timestamp="17 Nov 2017 14:15:06 GMT" time="24.573" errors="0">
  <testcase name="allPromotiontest" time="24.573" classname="Suite2.Promotions"/>
</testsuite> <!-- Suite2.Promotions -->
