<?xml version="1.0" encoding="UTF-8"?>
<!-- Generated by org.testng.reporters.JUnitReportReporter -->
<testsuite hostname="NP-SADEKUNLE" name="Suite3.Help_FQAs" tests="1" failures="0" timestamp="17 Nov 2017 15:27:10 GMT" time="9.960" errors="0">
  <testcase name="Help_Faqstest" time="9.960" classname="Suite3.Help_FQAs"/>
</testsuite> <!-- Suite3.Help_FQAs -->
